Chunks: 30
Plaintext entries: 29338

1)
Labelled data stored as CHUNKED
[1000]	2.496907	0.347501
[3048..3291]	66.835914
[3306..3399]	113.615106
[3411..3587]	164.746425
Labelled data stored as CHUNKED_COMPRESSED
[1000]	1.607186	0.099852
[3048..3291]	57.615966
[3306..3399]	94.095879
[3411..3587]	137.045171
Labelled data stored as CHUNKED_COMPRESSED_ENCRYPTED
[1000]	1.029689	0.104333
[3048..3291]	65.18195
[3306..3399]	117.853363
[3411..3587]	155.85992

2)
Labelled data stored as CHUNKED
[1000]	1.884659	0.320818
[3048..3291]	59.142294
[3306..3399]	98.404903
[3411..3587]	135.666053
Labelled data stored as CHUNKED_COMPRESSED
[1000]	1.052183	0.101986
[3048..3291]	65.080969
[3306..3399]	112.282997
[3411..3587]	163.722727
Labelled data stored as CHUNKED_COMPRESSED_ENCRYPTED
[1000]	0.636938	0.096173
[3048..3291]	56.000434
[3306..3399]	100.525599
[3411..3587]	134.207454

3)
Labelled data stored as CHUNKED
[1000]	1.828344	0.252584
[3048..3291]	130.592371
[3306..3399]	110.552061
[3411..3587]	147.241319
Labelled data stored as CHUNKED_COMPRESSED
[1000]	0.690728	0.097377
[3048..3291]	58.557758
[3306..3399]	98.909132
[3411..3587]	134.009486
Labelled data stored as CHUNKED_COMPRESSED_ENCRYPTED
[1000]	0.683056	0.096664
[3048..3291]	59.593027
[3306..3399]	113.024089
[3411..3587]	154.305987