Data Store	Retrieval & Decryption	Sum computation	Total
Experiment number #0
S3	158.0	0.0	158.0
S3	108.0	0.0	108.0
S3	95.0	0.0	95.0
S3	158.0	0.0	158.0
S3	161.0	0.0	161.0
S3	182.0	0.0	182.0
S3	220.0	0.0	220.0
S3	244.0	0.0	244.0
S3	301.0	0.0	301.0
S3	307.0	0.0	307.0
S3	359.0	0.0	359.0
S3	400.0	0.0	400.0
S3	397.0	0.0	397.0
S3	870.0	0.0	870.0
S3	454.0	0.0	454.0
S3	488.0	0.0	488.0
S3	567.0	1.0	568.0
S3	554.0	1.0	555.0
S3	578.0	1.0	579.0
S3	769.0	1.0	770.0
S3	665.0	1.0	666.0
S3	671.0	1.0	672.0
S3	693.0	1.0	694.0
S3	776.0	1.0	777.0
S3	888.0	1.0	889.0
S3	902.0	1.0	903.0
S3	858.0	1.0	859.0
S3	984.0	1.0	985.0
S3	897.0	1.0	898.0
S3	941.0	1.0	942.0
S3	1128.0	2.0	1130.0
S3	1152.0	1.0	1153.0
S3	1003.0	1.0	1004.0
S3	1030.0	1.0	1031.0
S3	1257.0	1.0	1258.0
S3	1115.0	1.0	1116.0
S3	1434.0	1.0	1435.0
S3	1189.0	2.0	1191.0
S3	1318.0	2.0	1320.0
S3	1389.0	2.0	1391.0
S3	1242.0	2.0	1244.0
S3	1505.0	2.0	1507.0
S3	1385.0	2.0	1387.0
S3	1382.0	2.0	1384.0
S3	1530.0	2.0	1532.0
S3	1439.0	5.0	1444.0
S3	1671.0	2.0	1673.0
S3	1551.0	2.0	1553.0
S3	1622.0	3.0	1625.0
S3	1521.0	2.0	1523.0
S3	1627.0	2.0	1629.0
S3	1685.0	3.0	1688.0
S3	2559.0	2.0	2561.0
S3	1640.0	3.0	1643.0
S3	1783.0	3.0	1786.0
S3	1679.0	2.0	1681.0
S3	1874.0	2.0	1876.0
S3	1835.0	3.0	1838.0
S3	1726.0	3.0	1729.0
S3	1901.0	4.0	1905.0
S3	1884.0	3.0	1887.0
S3	2021.0	3.0	2024.0
S3	2169.0	3.0	2172.0
S3	1916.0	3.0	1919.0
S3	2080.0	3.0	2083.0
S3	2104.0	3.0	2107.0
S3	1968.0	3.0	1971.0
S3	2099.0	3.0	2102.0
S3	3076.0	3.0	3079.0
S3	2022.0	4.0	2026.0
S3	2629.0	3.0	2632.0
S3	2268.0	4.0	2272.0
S3	2282.0	4.0	2286.0
S3	2175.0	4.0	2179.0
S3	2356.0	4.0	2360.0
S3	2368.0	4.0	2372.0
S3	2348.0	4.0	2352.0
S3	2330.0	4.0	2334.0
S3	2503.0	4.0	2507.0
S3	2488.0	5.0	2493.0
S3	2701.0	4.0	2705.0
S3	2633.0	4.0	2637.0
S3	2599.0	4.0	2603.0
S3	3037.0	4.0	3041.0
S3	2724.0	4.0	2728.0
S3	2738.0	3.0	2741.0
S3	2707.0	4.0	2711.0
S3	2880.0	3.0	2883.0
S3	2767.0	5.0	2772.0
S3	2745.0	4.0	2749.0
S3	2953.0	5.0	2958.0
S3	2953.0	4.0	2957.0
S3	3898.0	5.0	3903.0
S3	3220.0	4.0	3224.0
S3	3087.0	4.0	3091.0
S3	3045.0	4.0	3049.0
S3	3063.0	5.0	3068.0
S3	3063.0	5.0	3068.0
S3	3154.0	5.0	3159.0
S3	3221.0	5.0	3226.0
S3	3286.0	5.0	3291.0
S3	3176.0	5.0	3181.0
S3	3160.0	5.0	3165.0
S3	3198.0	5.0	3203.0
S3	4935.0	5.0	4940.0
S3	3180.0	5.0	3185.0
S3	3261.0	9.0	3270.0
S3	3284.0	5.0	3289.0
S3	3344.0	5.0	3349.0
S3	3523.0	7.0	3530.0
S3	3382.0	7.0	3389.0
S3	3357.0	5.0	3362.0
S3	3482.0	7.0	3489.0
S3	5012.0	5.0	5017.0
S3	3441.0	6.0	3447.0
S3	3472.0	9.0	3481.0
S3	3808.0	6.0	3814.0
S3	3537.0	5.0	3542.0
S3	3607.0	6.0	3613.0
S3	3693.0	6.0	3699.0
S3	4836.0	5.0	4841.0
S3	3767.0	5.0	3772.0
S3	3718.0	6.0	3724.0
S3	3810.0	7.0	3817.0
S3	3712.0	8.0	3720.0
S3	3930.0	7.0	3937.0
S3	4156.0	7.0	4163.0
S3	3948.0	6.0	3954.0
S3	5604.0	7.0	5611.0
S3	5660.0	7.0	5667.0
S3	4010.0	6.0	4016.0
S3	4004.0	6.0	4010.0
S3	4196.0	6.0	4202.0
S3	4125.0	7.0	4132.0
S3	4196.0	7.0	4203.0
S3	4320.0	7.0	4327.0
S3	4184.0	7.0	4191.0
S3	4314.0	7.0	4321.0
S3	4366.0	7.0	4373.0
S3	4262.0	8.0	4270.0
S3	4808.0	7.0	4815.0
S3	4912.0	9.0	4921.0
S3	4289.0	7.0	4296.0
S3	5122.0	8.0	5130.0
S3	4230.0	7.0	4237.0
S3	4388.0	8.0	4396.0
S3	4325.0	8.0	4333.0
S3	4690.0	7.0	4697.0
S3	4636.0	8.0	4644.0
S3	4592.0	9.0	4601.0
S3	5510.0	22.0	5532.0
S3	4722.0	29.0	4751.0
S3	4527.0	9.0	4536.0
S3	4882.0	7.0	4889.0
S3	5003.0	8.0	5011.0
S3	4968.0	9.0	4977.0
S3	4886.0	8.0	4894.0
S3	4988.0	8.0	4996.0
S3	4821.0	36.0	4857.0
S3	4993.0	24.0	5017.0
S3	4989.0	7.0	4996.0
S3	4943.0	12.0	4955.0
S3	6537.0	32.0	6569.0
S3	4969.0	8.0	4977.0
S3	4993.0	11.0	5004.0
S3	4995.0	8.0	5003.0
S3	5069.0	8.0	5077.0
S3	5818.0	9.0	5827.0
S3	5091.0	9.0	5100.0
S3	5689.0	8.0	5697.0
S3	5250.0	9.0	5259.0
S3	5249.0	8.0	5257.0
S3	6860.0	9.0	6869.0
S3	5517.0	10.0	5527.0
S3	5456.0	10.0	5466.0
S3	5909.0	8.0	5917.0
S3	5626.0	10.0	5636.0
S3	5471.0	10.0	5481.0
S3	5754.0	8.0	5762.0
S3	6383.0	9.0	6392.0
S3	5734.0	9.0	5743.0
S3	5789.0	8.0	5797.0
S3	5841.0	14.0	5855.0
S3	5896.0	9.0	5905.0
S3	5501.0	8.0	5509.0
S3	5763.0	46.0	5809.0
S3	5876.0	11.0	5887.0
S3	5748.0	10.0	5758.0
S3	5696.0	11.0	5707.0
S3	6205.0	11.0	6216.0
S3	6107.0	10.0	6117.0
S3	6339.0	9.0	6348.0
S3	6207.0	9.0	6216.0
S3	5932.0	12.0	5944.0
S3	7622.0	10.0	7632.0
S3	5986.0	10.0	5996.0
S3	6091.0	25.0	6116.0
S3	6066.0	16.0	6082.0
S3	6679.0	10.0	6689.0
S3	6397.0	10.0	6407.0
S3	6366.0	12.0	6378.0
S3	6433.0	13.0	6446.0
S3	6353.0	14.0	6367.0
S3	6291.0	9.0	6300.0
S3	6384.0	10.0	6394.0
S3	6274.0	9.0	6283.0
S3	6333.0	11.0	6344.0
S3	7067.0	10.0	7077.0
S3	6435.0	11.0	6446.0
S3	6815.0	34.0	6849.0
S3	6697.0	10.0	6707.0
S3	6641.0	12.0	6653.0
S3	6673.0	11.0	6684.0
S3	6870.0	10.0	6880.0
S3	6585.0	11.0	6596.0
S3	6733.0	13.0	6746.0
S3	6735.0	11.0	6746.0
S3	6840.0	14.0	6854.0
S3	7365.0	11.0	7376.0
S3	8632.0	10.0	8642.0
S3	6705.0	12.0	6717.0
S3	6793.0	10.0	6803.0
S3	7201.0	11.0	7212.0
S3	6915.0	11.0	6926.0
S3	6949.0	13.0	6962.0
S3	7158.0	12.0	7170.0
S3	7078.0	11.0	7089.0
S3	7474.0	10.0	7484.0
S3	7105.0	11.0	7116.0
S3	7535.0	12.0	7547.0
S3	7222.0	12.0	7234.0
S3	8205.0	12.0	8217.0
S3	7001.0	11.0	7012.0
S3	7162.0	13.0	7175.0
S3	7445.0	12.0	7457.0
S3	8203.0	11.0	8214.0
S3	7122.0	12.0	7134.0
S3	7036.0	11.0	7047.0
S3	7089.0	11.0	7100.0
S3	8075.0	11.0	8086.0
S3	7401.0	13.0	7414.0
S3	7579.0	11.0	7590.0
S3	7239.0	12.0	7251.0
S3	7525.0	15.0	7540.0
S3	8635.0	14.0	8649.0
S3	10477.0	12.0	10489.0
S3	8788.0	13.0	8801.0
S3	8767.0	11.0	8778.0
S3	7667.0	12.0	7679.0
S3	7613.0	12.0	7625.0
S3	7665.0	12.0	7677.0
S3	7514.0	12.0	7526.0
S3	8241.0	12.0	8253.0
S3	8712.0	12.0	8724.0
S3	8032.0	13.0	8045.0
S3	7733.0	12.0	7745.0
S3	8560.0	13.0	8573.0
S3	8289.0	12.0	8301.0
S3	8399.0	12.0	8411.0
S3	8624.0	13.0	8637.0
S3	7858.0	12.0	7870.0
S3	8764.0	13.0	8777.0
S3	8931.0	15.0	8946.0
S3	8106.0	12.0	8118.0
S3	9097.0	12.0	9109.0
S3	8619.0	13.0	8632.0
S3	8300.0	11.0	8311.0
S3	8517.0	13.0	8530.0
S3	8190.0	14.0	8204.0
S3	10223.0	14.0	10237.0
S3	9157.0	17.0	9174.0
S3	10020.0	13.0	10033.0
S3	8657.0	13.0	8670.0
S3	8797.0	12.0	8809.0
S3	9808.0	14.0	9822.0
S3	8929.0	14.0	8943.0
S3	9017.0	14.0	9031.0
S3	8620.0	13.0	8633.0
S3	9471.0	13.0	9484.0
S3	8577.0	17.0	8594.0
S3	8508.0	13.0	8521.0
S3	8732.0	13.0	8745.0
S3	9864.0	14.0	9878.0
S3	8627.0	16.0	8643.0
S3	10035.0	13.0	10048.0
S3	8428.0	14.0	8442.0
S3	9624.0	13.0	9637.0
S3	8462.0	16.0	8478.0
S3	9557.0	13.0	9570.0
S3	9057.0	13.0	9070.0
S3	9640.0	13.0	9653.0
S3	9181.0	15.0	9196.0
S3	8661.0	14.0	8675.0
S3	8965.0	14.0	8979.0
S3	9210.0	16.0	9226.0
S3	9877.0	12.0	9889.0
S3	9375.0	14.0	9389.0
S3	9034.0	14.0	9048.0
S3	9212.0	15.0	9227.0
S3	9055.0	16.0	9071.0
S3	9528.0	13.0	9541.0
S3	11249.0	16.0	11265.0
S3	9450.0	15.0	9465.0
S3	9334.0	12.0	9346.0
S3	9121.0	14.0	9135.0
S3	9855.0	15.0	9870.0
S3	9520.0	18.0	9538.0
S3	9880.0	14.0	9894.0
S3	9557.0	16.0	9573.0
S3	9939.0	18.0	9957.0
S3	9489.0	14.0	9503.0
S3	9718.0	19.0	9737.0
S3	9779.0	15.0	9794.0
S3	9703.0	15.0	9718.0
S3	9818.0	16.0	9834.0
S3	9571.0	20.0	9591.0
S3	10006.0	24.0	10030.0
S3	10332.0	16.0	10348.0
S3	10693.0	17.0	10710.0
S3	9898.0	16.0	9914.0
S3	10054.0	24.0	10078.0
S3	11185.0	17.0	11202.0
S3	10058.0	16.0	10074.0
S3	11243.0	14.0	11257.0
S3	11425.0	16.0	11441.0
S3	10003.0	19.0	10022.0
S3	10136.0	16.0	10152.0
S3	10364.0	18.0	10382.0
S3	10098.0	19.0	10117.0
S3	10116.0	15.0	10131.0
S3	10224.0	16.0	10240.0
S3	10507.0	17.0	10524.0
S3	10753.0	16.0	10769.0
S3	10710.0	14.0	10724.0
S3	10324.0	15.0	10339.0
S3	10341.0	19.0	10360.0
S3	10443.0	28.0	10471.0
S3	10583.0	19.0	10602.0
S3	10509.0	23.0	10532.0
S3	10510.0	25.0	10535.0
S3	10982.0	41.0	11023.0
S3	10992.0	17.0	11009.0
S3	11115.0	23.0	11138.0
S3	10590.0	21.0	10611.0
S3	10332.0	18.0	10350.0
S3	10971.0	16.0	10987.0
S3	11413.0	19.0	11432.0
S3	10781.0	21.0	10802.0
S3	10864.0	24.0	10888.0
S3	11144.0	25.0	11169.0
S3	11244.0	16.0	11260.0
S3	10692.0	15.0	10707.0
S3	10434.0	16.0	10450.0
S3	10904.0	19.0	10923.0
S3	11088.0	16.0	11104.0
S3	11109.0	15.0	11124.0
S3	10789.0	15.0	10804.0
S3	11223.0	17.0	11240.0
S3	11005.0	17.0	11022.0
S3	11383.0	15.0	11398.0
S3	11028.0	18.0	11046.0
S3	11076.0	20.0	11096.0
S3	11288.0	23.0	11311.0
S3	11449.0	18.0	11467.0
S3	11964.0	16.0	11980.0
S3	11390.0	22.0	11412.0
S3	10955.0	20.0	10975.0
S3	13136.0	28.0	13164.0
S3	13270.0	20.0	13290.0
S3	11949.0	20.0	11969.0
S3	12869.0	18.0	12887.0
S3	11768.0	19.0	11787.0
S3	11650.0	17.0	11667.0
S3	11646.0	17.0	11663.0
S3	12801.0	18.0	12819.0
S3	11385.0	21.0	11406.0
S3	11546.0	17.0	11563.0
S3	13057.0	17.0	13074.0
S3	11802.0	17.0	11819.0
S3	11667.0	17.0	11684.0
S3	11727.0	19.0	11746.0
S3	11854.0	21.0	11875.0
S3	13169.0	22.0	13191.0
S3	12536.0	18.0	12554.0
S3	13133.0	17.0	13150.0
S3	12495.0	19.0	12514.0
S3	11854.0	18.0	11872.0
S3	11632.0	19.0	11651.0
S3	12666.0	22.0	12688.0
S3	11673.0	21.0	11694.0
S3	12296.0	19.0	12315.0
S3	11819.0	23.0	11842.0
S3	11928.0	20.0	11948.0
S3	12227.0	17.0	12244.0
S3	11799.0	21.0	11820.0
S3	12678.0	17.0	12695.0
S3	12510.0	19.0	12529.0
S3	12944.0	20.0	12964.0
S3	13558.0	18.0	13576.0
S3	12308.0	18.0	12326.0
S3	13209.0	23.0	13232.0
S3	12321.0	19.0	12340.0
S3	12334.0	22.0	12356.0
S3	12695.0	19.0	12714.0
S3	12735.0	20.0	12755.0
S3	13210.0	21.0	13231.0
S3	13853.0	19.0	13872.0
S3	13303.0	20.0	13323.0
S3	12341.0	20.0	12361.0
S3	13332.0	23.0	13355.0
S3	13028.0	19.0	13047.0
S3	12977.0	20.0	12997.0
S3	13140.0	23.0	13163.0
S3	13392.0	20.0	13412.0
S3	13118.0	19.0	13137.0
S3	12487.0	21.0	12508.0
S3	13147.0	20.0	13167.0
S3	13560.0	22.0	13582.0
S3	16379.0	21.0	16400.0
S3	13623.0	24.0	13647.0
S3	13323.0	20.0	13343.0
S3	12571.0	20.0	12591.0
S3	13347.0	20.0	13367.0
S3	13509.0	23.0	13532.0
S3	13624.0	21.0	13645.0
S3	13260.0	22.0	13282.0
S3	13543.0	25.0	13568.0
S3	13821.0	20.0	13841.0
S3	13139.0	30.0	13169.0
S3	14410.0	22.0	14432.0
S3	13597.0	21.0	13618.0
S3	13697.0	20.0	13717.0
S3	15547.0	29.0	15576.0
S3	14591.0	20.0	14611.0
S3	14222.0	21.0	14243.0
S3	14017.0	27.0	14044.0
S3	13787.0	21.0	13808.0
S3	14798.0	31.0	14829.0
S3	13610.0	22.0	13632.0
S3	14067.0	24.0	14091.0
S3	14060.0	22.0	14082.0
S3	13773.0	33.0	13806.0
S3	13318.0	23.0	13341.0
S3	13578.0	20.0	13598.0
S3	13863.0	24.0	13887.0
S3	14183.0	23.0	14206.0
S3	13434.0	23.0	13457.0
S3	14043.0	22.0	14065.0
S3	13832.0	29.0	13861.0
S3	13908.0	22.0	13930.0
S3	14395.0	23.0	14418.0
S3	14234.0	20.0	14254.0
S3	14147.0	25.0	14172.0
S3	14085.0	21.0	14106.0
S3	14903.0	22.0	14925.0
S3	14159.0	19.0	14178.0
S3	15102.0	22.0	15124.0
S3	15275.0	22.0	15297.0
S3	14413.0	23.0	14436.0
S3	14044.0	22.0	14066.0
S3	15452.0	21.0	15473.0
S3	14414.0	23.0	14437.0
S3	16095.0	22.0	16117.0
S3	14224.0	21.0	14245.0
S3	17716.0	22.0	17738.0
S3	14379.0	21.0	14400.0
S3	16565.0	24.0	16589.0
S3	14489.0	23.0	14512.0
S3	16111.0	21.0	16132.0
S3	14444.0	21.0	14465.0
S3	15074.0	24.0	15098.0
S3	14252.0	22.0	14274.0
S3	14286.0	22.0	14308.0
S3	15639.0	23.0	15662.0
S3	15979.0	21.0	16000.0
S3	15116.0	22.0	15138.0
S3	15383.0	23.0	15406.0
S3	14861.0	23.0	14884.0
S3	15110.0	21.0	15131.0
S3	15364.0	22.0	15386.0
S3	14599.0	22.0	14621.0
S3	16504.0	23.0	16527.0
S3	15194.0	25.0	15219.0
S3	16378.0	23.0	16401.0
S3	15274.0	26.0	15300.0
S3	15866.0	23.0	15889.0
S3	16052.0	27.0	16079.0
S3	15449.0	20.0	15469.0
S3	17330.0	23.0	17353.0
S3	14843.0	24.0	14867.0
S3	15578.0	23.0	15601.0
S3	15097.0	25.0	15122.0
S3	15551.0	22.0	15573.0
S3	15770.0	22.0	15792.0
S3	15780.0	24.0	15804.0
S3	15793.0	24.0	15817.0
S3	15942.0	22.0	15964.0
S3	15323.0	25.0	15348.0
S3	15845.0	22.0	15867.0
S3	15329.0	23.0	15352.0
S3	15182.0	22.0	15204.0
S3	16246.0	25.0	16271.0
S3	15181.0	26.0	15207.0
S3	15303.0	21.0	15324.0
S3	15275.0	22.0	15297.0
S3	16913.0	24.0	16937.0
S3	15795.0	23.0	15818.0
S3	16400.0	22.0	16422.0
S3	15854.0	25.0	15879.0
S3	16288.0	24.0	16312.0
S3	16491.0	24.0	16515.0
S3	16101.0	26.0	16127.0
S3	15915.0	24.0	15939.0
S3	17991.0	26.0	18017.0
S3	16991.0	25.0	17016.0
S3	16098.0	24.0	16122.0
S3	15808.0	27.0	15835.0
S3	16916.0	25.0	16941.0
S3	15451.0	25.0	15476.0
S3	16698.0	22.0	16720.0
S3	15752.0	23.0	15775.0
S3	16703.0	26.0	16729.0
S3	15753.0	22.0	15775.0
S3	16316.0	22.0	16338.0
S3	17075.0	23.0	17098.0
S3	17007.0	25.0	17032.0
S3	16731.0	23.0	16754.0
S3	16380.0	25.0	16405.0
S3	16623.0	22.0	16645.0
S3	16808.0	25.0	16833.0
S3	18762.0	24.0	18786.0
S3	16025.0	29.0	16054.0
S3	15940.0	25.0	15965.0
S3	17072.0	24.0	17096.0
S3	16970.0	24.0	16994.0
S3	17313.0	26.0	17339.0
S3	16867.0	24.0	16891.0
S3	16615.0	25.0	16640.0
S3	18300.0	23.0	18323.0
S3	18534.0	22.0	18556.0
S3	17335.0	27.0	17362.0
S3	16771.0	26.0	16797.0
S3	18919.0	23.0	18942.0
S3	17501.0	25.0	17526.0
S3	17061.0	23.0	17084.0
S3	17961.0	25.0	17986.0
S3	18528.0	26.0	18554.0
S3	17034.0	26.0	17060.0
S3	17505.0	27.0	17532.0
S3	17021.0	26.0	17047.0
S3	16634.0	28.0	16662.0
S3	17352.0	28.0	17380.0
S3	18199.0	27.0	18226.0
S3	18243.0	25.0	18268.0
S3	17239.0	27.0	17266.0
S3	17483.0	26.0	17509.0
S3	17729.0	27.0	17756.0
S3	17520.0	26.0	17546.0
S3	17000.0	26.0	17026.0
S3	17070.0	28.0	17098.0
S3	17698.0	29.0	17727.0
S3	18076.0	23.0	18099.0
S3	17891.0	27.0	17918.0
S3	18034.0	28.0	18062.0
S3	17035.0	29.0	17064.0
S3	18651.0	25.0	18676.0
S3	18009.0	28.0	18037.0
S3	18194.0	27.0	18221.0
S3	17688.0	30.0	17718.0
S3	18523.0	24.0	18547.0
S3	18238.0	24.0	18262.0
S3	18272.0	27.0	18299.0
S3	17349.0	25.0	17374.0
S3	17947.0	29.0	17976.0
S3	17731.0	28.0	17759.0
S3	18674.0	27.0	18701.0
S3	17453.0	26.0	17479.0
S3	18016.0	29.0	18045.0
S3	18461.0	29.0	18490.0
S3	19263.0	28.0	19291.0
S3	18795.0	30.0	18825.0
S3	17618.0	28.0	17646.0
S3	17736.0	29.0	17765.0
S3	18658.0	32.0	18690.0
S3	17909.0	27.0	17936.0
S3	17731.0	28.0	17759.0
S3	17674.0	26.0	17700.0
S3	18524.0	29.0	18553.0
S3	18002.0	29.0	18031.0
S3	19581.0	26.0	19607.0
S3	19249.0	27.0	19276.0
S3	18908.0	28.0	18936.0
S3	19015.0	32.0	19047.0
S3	18110.0	32.0	18142.0
S3	18071.0	30.0	18101.0
S3	17937.0	29.0	17966.0
S3	18514.0	29.0	18543.0
S3	18515.0	55.0	18570.0
S3	18390.0	61.0	18451.0
S3	21513.0	28.0	21541.0
TreeDB+S3	242.0	0.0	242.0
TreeDB+S3	13.0	0.0	13.0
TreeDB+S3	12.0	0.0	12.0
TreeDB+S3	11.0	0.0	11.0
TreeDB+S3	15.0	0.0	15.0
TreeDB+S3	12.0	0.0	12.0
TreeDB+S3	12.0	0.0	12.0
TreeDB+S3	12.0	0.0	12.0
TreeDB+S3	14.0	0.0	14.0
TreeDB+S3	12.0	0.0	12.0
TreeDB+S3	12.0	0.0	12.0
TreeDB+S3	12.0	0.0	12.0
TreeDB+S3	12.0	0.0	12.0
TreeDB+S3	13.0	0.0	13.0
TreeDB+S3	13.0	0.0	13.0
TreeDB+S3	12.0	0.0	12.0
TreeDB+S3	13.0	0.0	13.0
TreeDB+S3	12.0	0.0	12.0
TreeDB+S3	13.0	0.0	13.0
TreeDB+S3	12.0	0.0	12.0
TreeDB+S3	14.0	0.0	14.0
TreeDB+S3	13.0	0.0	13.0
TreeDB+S3	12.0	0.0	12.0
TreeDB+S3	12.0	0.0	12.0
TreeDB+S3	13.0	0.0	13.0
TreeDB+S3	12.0	0.0	12.0
TreeDB+S3	14.0	0.0	14.0
TreeDB+S3	12.0	0.0	12.0
TreeDB+S3	13.0	0.0	13.0
TreeDB+S3	12.0	0.0	12.0
TreeDB+S3	12.0	0.0	12.0
TreeDB+S3	13.0	0.0	13.0
TreeDB+S3	12.0	0.0	12.0
TreeDB+S3	12.0	0.0	12.0
TreeDB+S3	12.0	0.0	12.0
TreeDB+S3	11.0	0.0	11.0
TreeDB+S3	13.0	0.0	13.0
TreeDB+S3	12.0	0.0	12.0
TreeDB+S3	13.0	0.0	13.0
TreeDB+S3	13.0	0.0	13.0
TreeDB+S3	12.0	0.0	12.0
TreeDB+S3	15.0	0.0	15.0
TreeDB+S3	11.0	0.0	11.0
TreeDB+S3	11.0	0.0	11.0
TreeDB+S3	13.0	0.0	13.0
TreeDB+S3	12.0	0.0	12.0
TreeDB+S3	13.0	0.0	13.0
TreeDB+S3	12.0	0.0	12.0
TreeDB+S3	11.0	0.0	11.0
TreeDB+S3	12.0	0.0	12.0
TreeDB+S3	12.0	0.0	12.0
TreeDB+S3	12.0	0.0	12.0
TreeDB+S3	12.0	0.0	12.0
TreeDB+S3	12.0	0.0	12.0
TreeDB+S3	11.0	0.0	11.0
TreeDB+S3	12.0	0.0	12.0
TreeDB+S3	12.0	0.0	12.0
TreeDB+S3	12.0	0.0	12.0
TreeDB+S3	12.0	0.0	12.0
TreeDB+S3	11.0	0.0	11.0
TreeDB+S3	13.0	0.0	13.0
TreeDB+S3	11.0	0.0	11.0
TreeDB+S3	13.0	0.0	13.0
TreeDB+S3	13.0	0.0	13.0
TreeDB+S3	11.0	0.0	11.0
TreeDB+S3	13.0	0.0	13.0
TreeDB+S3	12.0	0.0	12.0
TreeDB+S3	11.0	0.0	11.0
TreeDB+S3	11.0	0.0	11.0
TreeDB+S3	12.0	0.0	12.0
TreeDB+S3	14.0	0.0	14.0
TreeDB+S3	11.0	0.0	11.0
TreeDB+S3	13.0	0.0	13.0
TreeDB+S3	11.0	0.0	11.0
TreeDB+S3	12.0	0.0	12.0
TreeDB+S3	12.0	0.0	12.0
TreeDB+S3	11.0	0.0	11.0
TreeDB+S3	12.0	0.0	12.0
TreeDB+S3	12.0	0.0	12.0
TreeDB+S3	12.0	0.0	12.0
TreeDB+S3	12.0	0.0	12.0
TreeDB+S3	11.0	0.0	11.0
TreeDB+S3	11.0	0.0	11.0
TreeDB+S3	11.0	0.0	11.0
TreeDB+S3	11.0	0.0	11.0
TreeDB+S3	12.0	0.0	12.0
TreeDB+S3	14.0	0.0	14.0
TreeDB+S3	11.0	0.0	11.0
TreeDB+S3	11.0	0.0	11.0
TreeDB+S3	11.0	0.0	11.0
TreeDB+S3	12.0	0.0	12.0
TreeDB+S3	13.0	0.0	13.0
TreeDB+S3	12.0	0.0	12.0
TreeDB+S3	12.0	0.0	12.0
TreeDB+S3	11.0	0.0	11.0
TreeDB+S3	11.0	0.0	11.0
TreeDB+S3	13.0	0.0	13.0
TreeDB+S3	11.0	0.0	11.0
TreeDB+S3	11.0	0.0	11.0
TreeDB+S3	11.0	0.0	11.0
TreeDB+S3	12.0	0.0	12.0
TreeDB+S3	11.0	0.0	11.0
TreeDB+S3	13.0	0.0	13.0
TreeDB+S3	11.0	0.0	11.0
TreeDB+S3	11.0	0.0	11.0
TreeDB+S3	12.0	0.0	12.0
TreeDB+S3	12.0	0.0	12.0
TreeDB+S3	11.0	0.0	11.0
TreeDB+S3	11.0	0.0	11.0
TreeDB+S3	11.0	0.0	11.0
TreeDB+S3	13.0	0.0	13.0
TreeDB+S3	11.0	0.0	11.0
TreeDB+S3	12.0	0.0	12.0
TreeDB+S3	12.0	0.0	12.0
TreeDB+S3	11.0	0.0	11.0
TreeDB+S3	11.0	0.0	11.0
TreeDB+S3	11.0	0.0	11.0
TreeDB+S3	12.0	0.0	12.0
TreeDB+S3	12.0	0.0	12.0
TreeDB+S3	12.0	0.0	12.0
TreeDB+S3	13.0	0.0	13.0
TreeDB+S3	12.0	0.0	12.0
TreeDB+S3	11.0	0.0	11.0
TreeDB+S3	12.0	0.0	12.0
TreeDB+S3	11.0	0.0	11.0
TreeDB+S3	13.0	0.0	13.0
TreeDB+S3	12.0	0.0	12.0
TreeDB+S3	12.0	0.0	12.0
TreeDB+S3	12.0	0.0	12.0
TreeDB+S3	12.0	0.0	12.0
TreeDB+S3	11.0	0.0	11.0
TreeDB+S3	11.0	0.0	11.0
TreeDB+S3	12.0	0.0	12.0
TreeDB+S3	11.0	0.0	11.0
TreeDB+S3	11.0	0.0	11.0
TreeDB+S3	11.0	0.0	11.0
TreeDB+S3	12.0	0.0	12.0
TreeDB+S3	12.0	0.0	12.0
TreeDB+S3	12.0	0.0	12.0
TreeDB+S3	11.0	0.0	11.0
TreeDB+S3	11.0	0.0	11.0
TreeDB+S3	12.0	0.0	12.0
TreeDB+S3	13.0	0.0	13.0
TreeDB+S3	12.0	0.0	12.0
TreeDB+S3	12.0	0.0	12.0
TreeDB+S3	12.0	0.0	12.0
TreeDB+S3	12.0	0.0	12.0
TreeDB+S3	11.0	0.0	11.0
TreeDB+S3	11.0	0.0	11.0
TreeDB+S3	11.0	0.0	11.0
TreeDB+S3	11.0	0.0	11.0
TreeDB+S3	11.0	0.0	11.0
TreeDB+S3	11.0	0.0	11.0
TreeDB+S3	12.0	0.0	12.0
TreeDB+S3	11.0	0.0	11.0
TreeDB+S3	12.0	0.0	12.0
TreeDB+S3	11.0	0.0	11.0
TreeDB+S3	12.0	0.0	12.0
TreeDB+S3	11.0	0.0	11.0
TreeDB+S3	14.0	0.0	14.0
TreeDB+S3	11.0	0.0	11.0
TreeDB+S3	12.0	0.0	12.0
TreeDB+S3	13.0	0.0	13.0
TreeDB+S3	11.0	0.0	11.0
TreeDB+S3	12.0	0.0	12.0
TreeDB+S3	11.0	0.0	11.0
TreeDB+S3	11.0	0.0	11.0
TreeDB+S3	12.0	0.0	12.0
TreeDB+S3	11.0	0.0	11.0
TreeDB+S3	11.0	0.0	11.0
TreeDB+S3	11.0	0.0	11.0
TreeDB+S3	11.0	0.0	11.0
TreeDB+S3	11.0	0.0	11.0
TreeDB+S3	11.0	0.0	11.0
TreeDB+S3	12.0	0.0	12.0
TreeDB+S3	12.0	0.0	12.0
TreeDB+S3	11.0	0.0	11.0
TreeDB+S3	11.0	0.0	11.0
TreeDB+S3	11.0	0.0	11.0
TreeDB+S3	16.0	0.0	16.0
TreeDB+S3	12.0	0.0	12.0
TreeDB+S3	11.0	0.0	11.0
TreeDB+S3	11.0	0.0	11.0
TreeDB+S3	12.0	0.0	12.0
TreeDB+S3	11.0	0.0	11.0
TreeDB+S3	13.0	0.0	13.0
TreeDB+S3	11.0	0.0	11.0
TreeDB+S3	11.0	0.0	11.0
TreeDB+S3	12.0	0.0	12.0
TreeDB+S3	11.0	0.0	11.0
TreeDB+S3	13.0	0.0	13.0
TreeDB+S3	12.0	0.0	12.0
TreeDB+S3	12.0	0.0	12.0
TreeDB+S3	11.0	0.0	11.0
TreeDB+S3	11.0	0.0	11.0
TreeDB+S3	11.0	0.0	11.0
TreeDB+S3	13.0	0.0	13.0
TreeDB+S3	11.0	0.0	11.0
TreeDB+S3	11.0	0.0	11.0
TreeDB+S3	11.0	0.0	11.0
TreeDB+S3	11.0	0.0	11.0
TreeDB+S3	12.0	0.0	12.0
TreeDB+S3	11.0	0.0	11.0
TreeDB+S3	13.0	0.0	13.0
TreeDB+S3	11.0	0.0	11.0
TreeDB+S3	14.0	0.0	14.0
TreeDB+S3	11.0	0.0	11.0
TreeDB+S3	12.0	0.0	12.0
TreeDB+S3	12.0	0.0	12.0
TreeDB+S3	11.0	0.0	11.0
TreeDB+S3	12.0	0.0	12.0
TreeDB+S3	11.0	0.0	11.0
TreeDB+S3	11.0	0.0	11.0
TreeDB+S3	12.0	0.0	12.0
TreeDB+S3	13.0	0.0	13.0
TreeDB+S3	11.0	0.0	11.0
TreeDB+S3	12.0	0.0	12.0
TreeDB+S3	11.0	0.0	11.0
TreeDB+S3	11.0	0.0	11.0
TreeDB+S3	12.0	0.0	12.0
TreeDB+S3	11.0	0.0	11.0
TreeDB+S3	11.0	0.0	11.0
TreeDB+S3	11.0	0.0	11.0
TreeDB+S3	12.0	0.0	12.0
TreeDB+S3	12.0	0.0	12.0
TreeDB+S3	12.0	0.0	12.0
TreeDB+S3	11.0	0.0	11.0
TreeDB+S3	11.0	0.0	11.0
TreeDB+S3	13.0	0.0	13.0
TreeDB+S3	11.0	0.0	11.0
TreeDB+S3	12.0	0.0	12.0
TreeDB+S3	12.0	0.0	12.0
TreeDB+S3	11.0	0.0	11.0
TreeDB+S3	12.0	0.0	12.0
TreeDB+S3	12.0	0.0	12.0
TreeDB+S3	11.0	0.0	11.0
TreeDB+S3	11.0	0.0	11.0
TreeDB+S3	12.0	0.0	12.0
TreeDB+S3	12.0	0.0	12.0
TreeDB+S3	13.0	0.0	13.0
TreeDB+S3	12.0	0.0	12.0
TreeDB+S3	12.0	0.0	12.0
TreeDB+S3	11.0	0.0	11.0
TreeDB+S3	12.0	0.0	12.0
TreeDB+S3	11.0	0.0	11.0
TreeDB+S3	11.0	0.0	11.0
TreeDB+S3	12.0	0.0	12.0
TreeDB+S3	11.0	0.0	11.0
TreeDB+S3	11.0	0.0	11.0
TreeDB+S3	12.0	0.0	12.0
TreeDB+S3	11.0	0.0	11.0
TreeDB+S3	11.0	0.0	11.0
TreeDB+S3	11.0	0.0	11.0
TreeDB+S3	15.0	0.0	15.0
TreeDB+S3	12.0	0.0	12.0
TreeDB+S3	11.0	0.0	11.0
TreeDB+S3	11.0	0.0	11.0
TreeDB+S3	11.0	0.0	11.0
TreeDB+S3	11.0	0.0	11.0
TreeDB+S3	12.0	0.0	12.0
TreeDB+S3	11.0	0.0	11.0
TreeDB+S3	12.0	0.0	12.0
TreeDB+S3	11.0	0.0	11.0
TreeDB+S3	13.0	0.0	13.0
TreeDB+S3	11.0	0.0	11.0
TreeDB+S3	12.0	0.0	12.0
TreeDB+S3	11.0	0.0	11.0
TreeDB+S3	11.0	0.0	11.0
TreeDB+S3	12.0	0.0	12.0
TreeDB+S3	11.0	0.0	11.0
TreeDB+S3	11.0	0.0	11.0
TreeDB+S3	11.0	0.0	11.0
TreeDB+S3	11.0	0.0	11.0
TreeDB+S3	13.0	0.0	13.0
TreeDB+S3	15.0	0.0	15.0
TreeDB+S3	11.0	0.0	11.0
TreeDB+S3	11.0	0.0	11.0
TreeDB+S3	12.0	0.0	12.0
TreeDB+S3	12.0	0.0	12.0
TreeDB+S3	12.0	0.0	12.0
TreeDB+S3	12.0	0.0	12.0
TreeDB+S3	13.0	0.0	13.0
TreeDB+S3	12.0	0.0	12.0
TreeDB+S3	11.0	0.0	11.0
TreeDB+S3	13.0	0.0	13.0
TreeDB+S3	11.0	0.0	11.0
TreeDB+S3	12.0	0.0	12.0
TreeDB+S3	11.0	0.0	11.0
TreeDB+S3	11.0	0.0	11.0
TreeDB+S3	12.0	0.0	12.0
TreeDB+S3	13.0	0.0	13.0
TreeDB+S3	12.0	0.0	12.0
TreeDB+S3	12.0	0.0	12.0
TreeDB+S3	11.0	0.0	11.0
TreeDB+S3	14.0	0.0	14.0
TreeDB+S3	16.0	0.0	16.0
TreeDB+S3	12.0	0.0	12.0
TreeDB+S3	12.0	0.0	12.0
TreeDB+S3	11.0	0.0	11.0
TreeDB+S3	12.0	0.0	12.0
TreeDB+S3	11.0	0.0	11.0
TreeDB+S3	11.0	0.0	11.0
TreeDB+S3	12.0	0.0	12.0
TreeDB+S3	11.0	0.0	11.0
TreeDB+S3	12.0	0.0	12.0
TreeDB+S3	13.0	0.0	13.0
TreeDB+S3	11.0	0.0	11.0
TreeDB+S3	11.0	0.0	11.0
TreeDB+S3	12.0	0.0	12.0
TreeDB+S3	13.0	0.0	13.0
TreeDB+S3	13.0	0.0	13.0
TreeDB+S3	11.0	0.0	11.0
TreeDB+S3	11.0	0.0	11.0
TreeDB+S3	11.0	0.0	11.0
TreeDB+S3	12.0	0.0	12.0
TreeDB+S3	12.0	0.0	12.0
TreeDB+S3	12.0	0.0	12.0
TreeDB+S3	12.0	0.0	12.0
TreeDB+S3	11.0	0.0	11.0
TreeDB+S3	12.0	0.0	12.0
TreeDB+S3	12.0	0.0	12.0
TreeDB+S3	11.0	0.0	11.0
TreeDB+S3	12.0	0.0	12.0
TreeDB+S3	12.0	0.0	12.0
TreeDB+S3	11.0	0.0	11.0
TreeDB+S3	11.0	0.0	11.0
TreeDB+S3	11.0	0.0	11.0
TreeDB+S3	11.0	0.0	11.0
TreeDB+S3	12.0	0.0	12.0
TreeDB+S3	12.0	0.0	12.0
TreeDB+S3	11.0	0.0	11.0
TreeDB+S3	12.0	0.0	12.0
TreeDB+S3	14.0	0.0	14.0
TreeDB+S3	11.0	0.0	11.0
TreeDB+S3	13.0	0.0	13.0
TreeDB+S3	11.0	0.0	11.0
TreeDB+S3	11.0	0.0	11.0
TreeDB+S3	13.0	0.0	13.0
TreeDB+S3	11.0	0.0	11.0
TreeDB+S3	11.0	0.0	11.0
TreeDB+S3	11.0	0.0	11.0
TreeDB+S3	11.0	0.0	11.0
TreeDB+S3	11.0	0.0	11.0
TreeDB+S3	12.0	0.0	12.0
TreeDB+S3	11.0	0.0	11.0
TreeDB+S3	12.0	0.0	12.0
TreeDB+S3	12.0	0.0	12.0
TreeDB+S3	11.0	0.0	11.0
TreeDB+S3	12.0	0.0	12.0
TreeDB+S3	11.0	0.0	11.0
TreeDB+S3	11.0	0.0	11.0
TreeDB+S3	11.0	0.0	11.0
TreeDB+S3	14.0	0.0	14.0
TreeDB+S3	12.0	0.0	12.0
TreeDB+S3	14.0	0.0	14.0
TreeDB+S3	12.0	0.0	12.0
TreeDB+S3	12.0	0.0	12.0
TreeDB+S3	11.0	0.0	11.0
TreeDB+S3	13.0	0.0	13.0
TreeDB+S3	14.0	0.0	14.0
TreeDB+S3	11.0	0.0	11.0
TreeDB+S3	12.0	0.0	12.0
TreeDB+S3	11.0	0.0	11.0
TreeDB+S3	13.0	0.0	13.0
TreeDB+S3	11.0	0.0	11.0
TreeDB+S3	12.0	0.0	12.0
TreeDB+S3	14.0	0.0	14.0
TreeDB+S3	12.0	0.0	12.0
TreeDB+S3	11.0	0.0	11.0
TreeDB+S3	12.0	0.0	12.0
TreeDB+S3	14.0	0.0	14.0
TreeDB+S3	13.0	0.0	13.0
TreeDB+S3	11.0	0.0	11.0
TreeDB+S3	12.0	0.0	12.0
TreeDB+S3	11.0	0.0	11.0
TreeDB+S3	11.0	0.0	11.0
TreeDB+S3	12.0	0.0	12.0
TreeDB+S3	11.0	0.0	11.0
TreeDB+S3	11.0	0.0	11.0
TreeDB+S3	11.0	0.0	11.0
TreeDB+S3	11.0	0.0	11.0
TreeDB+S3	12.0	0.0	12.0
TreeDB+S3	13.0	0.0	13.0
TreeDB+S3	12.0	0.0	12.0
TreeDB+S3	11.0	0.0	11.0
TreeDB+S3	13.0	0.0	13.0
TreeDB+S3	12.0	0.0	12.0
TreeDB+S3	11.0	0.0	11.0
TreeDB+S3	11.0	0.0	11.0
TreeDB+S3	14.0	0.0	14.0
TreeDB+S3	12.0	0.0	12.0
TreeDB+S3	11.0	0.0	11.0
TreeDB+S3	14.0	0.0	14.0
TreeDB+S3	12.0	0.0	12.0
TreeDB+S3	12.0	0.0	12.0
TreeDB+S3	11.0	0.0	11.0
TreeDB+S3	11.0	0.0	11.0
TreeDB+S3	11.0	0.0	11.0
TreeDB+S3	11.0	0.0	11.0
TreeDB+S3	11.0	0.0	11.0
TreeDB+S3	12.0	0.0	12.0
TreeDB+S3	12.0	0.0	12.0
TreeDB+S3	12.0	0.0	12.0
TreeDB+S3	12.0	0.0	12.0
TreeDB+S3	12.0	0.0	12.0
TreeDB+S3	11.0	0.0	11.0
TreeDB+S3	11.0	0.0	11.0
TreeDB+S3	12.0	0.0	12.0
TreeDB+S3	11.0	0.0	11.0
TreeDB+S3	12.0	0.0	12.0
TreeDB+S3	12.0	0.0	12.0
TreeDB+S3	11.0	0.0	11.0
TreeDB+S3	12.0	0.0	12.0
TreeDB+S3	11.0	0.0	11.0
TreeDB+S3	12.0	0.0	12.0
TreeDB+S3	11.0	0.0	11.0
TreeDB+S3	12.0	0.0	12.0
TreeDB+S3	12.0	0.0	12.0
TreeDB+S3	13.0	0.0	13.0
TreeDB+S3	11.0	0.0	11.0
TreeDB+S3	12.0	0.0	12.0
TreeDB+S3	11.0	0.0	11.0
TreeDB+S3	12.0	0.0	12.0
TreeDB+S3	11.0	0.0	11.0
TreeDB+S3	12.0	0.0	12.0
TreeDB+S3	11.0	0.0	11.0
TreeDB+S3	11.0	0.0	11.0
TreeDB+S3	11.0	0.0	11.0
TreeDB+S3	11.0	0.0	11.0
TreeDB+S3	14.0	0.0	14.0
TreeDB+S3	16.0	0.0	16.0
TreeDB+S3	11.0	0.0	11.0
TreeDB+S3	12.0	0.0	12.0
TreeDB+S3	11.0	0.0	11.0
TreeDB+S3	12.0	0.0	12.0
TreeDB+S3	12.0	0.0	12.0
TreeDB+S3	12.0	0.0	12.0
TreeDB+S3	11.0	0.0	11.0
TreeDB+S3	12.0	0.0	12.0
TreeDB+S3	11.0	0.0	11.0
TreeDB+S3	13.0	0.0	13.0
TreeDB+S3	11.0	0.0	11.0
TreeDB+S3	11.0	0.0	11.0
TreeDB+S3	11.0	0.0	11.0
TreeDB+S3	13.0	0.0	13.0
TreeDB+S3	12.0	0.0	12.0
TreeDB+S3	12.0	0.0	12.0
TreeDB+S3	11.0	0.0	11.0
TreeDB+S3	11.0	0.0	11.0
TreeDB+S3	12.0	0.0	12.0
TreeDB+S3	12.0	0.0	12.0
TreeDB+S3	11.0	0.0	11.0
TreeDB+S3	11.0	0.0	11.0
TreeDB+S3	11.0	0.0	11.0
TreeDB+S3	11.0	0.0	11.0
TreeDB+S3	12.0	0.0	12.0
TreeDB+S3	13.0	0.0	13.0
TreeDB+S3	11.0	0.0	11.0
TreeDB+S3	11.0	0.0	11.0
TreeDB+S3	11.0	0.0	11.0
TreeDB+S3	11.0	0.0	11.0
TreeDB+S3	12.0	0.0	12.0
TreeDB+S3	12.0	0.0	12.0
TreeDB+S3	13.0	0.0	13.0
TreeDB+S3	12.0	0.0	12.0
TreeDB+S3	12.0	0.0	12.0
TreeDB+S3	12.0	0.0	12.0
TreeDB+S3	12.0	0.0	12.0
TreeDB+S3	11.0	0.0	11.0
TreeDB+S3	11.0	0.0	11.0
TreeDB+S3	12.0	0.0	12.0
TreeDB+S3	12.0	0.0	12.0
TreeDB+S3	11.0	0.0	11.0
TreeDB+S3	11.0	0.0	11.0
TreeDB+S3	12.0	0.0	12.0
TreeDB+S3	11.0	0.0	11.0
TreeDB+S3	11.0	0.0	11.0
TreeDB+S3	11.0	0.0	11.0
TreeDB+S3	12.0	0.0	12.0
TreeDB+S3	14.0	0.0	14.0
TreeDB+S3	12.0	0.0	12.0
TreeDB+S3	12.0	0.0	12.0
TreeDB+S3	12.0	0.0	12.0
TreeDB+S3	11.0	0.0	11.0
TreeDB+S3	11.0	0.0	11.0
TreeDB+S3	11.0	0.0	11.0
TreeDB+S3	12.0	0.0	12.0
TreeDB+S3	12.0	0.0	12.0
TreeDB+S3	12.0	0.0	12.0
TreeDB+S3	12.0	0.0	12.0
TreeDB+S3	12.0	0.0	12.0
TreeDB+S3	11.0	0.0	11.0
TreeDB+S3	13.0	0.0	13.0
TreeDB+S3	12.0	0.0	12.0
TreeDB+S3	11.0	0.0	11.0
TreeDB+S3	11.0	0.0	11.0
TreeDB+S3	12.0	0.0	12.0
TreeDB+S3	12.0	0.0	12.0
TreeDB+S3	11.0	0.0	11.0
TreeDB+S3	12.0	0.0	12.0
TreeDB+S3	11.0	0.0	11.0
TreeDB+S3	12.0	0.0	12.0
TreeDB+S3	12.0	0.0	12.0
TreeDB+S3	11.0	0.0	11.0
TreeDB+S3	12.0	0.0	12.0
TreeDB+S3	11.0	0.0	11.0
TreeDB+S3	13.0	0.0	13.0
TreeDB+S3	12.0	0.0	12.0
TreeDB+S3	11.0	0.0	11.0
TreeDB+S3	12.0	0.0	12.0
TreeDB+S3	11.0	0.0	11.0
TreeDB+S3	12.0	0.0	12.0
TreeDB+S3	12.0	0.0	12.0
TreeDB+S3	11.0	0.0	11.0
TreeDB+S3	11.0	0.0	11.0
TreeDB+S3	13.0	0.0	13.0
TreeDB+S3	11.0	0.0	11.0
TreeDB+S3	12.0	0.0	12.0
TreeDB+S3	12.0	0.0	12.0
TreeDB+S3	11.0	0.0	11.0
TreeDB+S3	11.0	0.0	11.0
TreeDB+S3	11.0	0.0	11.0
TreeDB+S3	15.0	0.0	15.0
TreeDB+S3	12.0	0.0	12.0
TreeDB+S3	13.0	0.0	13.0
TreeDB+S3	10.0	0.0	10.0
TreeDB+S3	13.0	0.0	13.0
TreeDB+S3	12.0	0.0	12.0
TreeDB+S3	11.0	0.0	11.0
TreeDB+S3	11.0	0.0	11.0
TreeDB+S3	12.0	0.0	12.0
TreeDB+S3	11.0	0.0	11.0
TreeDB+S3	11.0	0.0	11.0
TreeDB+S3	11.0	0.0	11.0
TreeDB+S3	11.0	0.0	11.0
TreeDB+S3	11.0	0.0	11.0
TreeDB+S3	12.0	0.0	12.0
TreeDB+S3	13.0	0.0	13.0
TreeDB+S3	13.0	0.0	13.0
TreeDB+S3	12.0	0.0	12.0
TreeDB+S3	11.0	0.0	11.0
TreeDB+S3	12.0	0.0	12.0
TreeDB+S3	12.0	0.0	12.0
TreeDB+S3	12.0	0.0	12.0
TreeDB+S3	11.0	0.0	11.0
TreeDB+S3	11.0	0.0	11.0
TreeDB+S3	12.0	0.0	12.0
TreeDB+S3	12.0	0.0	12.0
TreeDB+S3	11.0	0.0	11.0
TreeDB+S3	12.0	0.0	12.0
TreeDB+S3	11.0	0.0	11.0
TreeDB+S3	11.0	0.0	11.0
TreeDB+S3	12.0	0.0	12.0
TreeDB+S3	12.0	0.0	12.0
TreeDB+S3	12.0	0.0	12.0
TreeDB+S3	11.0	0.0	11.0
TreeDB+S3	13.0	0.0	13.0
TreeDB+S3	12.0	0.0	12.0
TreeDB+S3	13.0	0.0	13.0
TreeDB+S3	11.0	0.0	11.0
TreeDB+S3	12.0	0.0	12.0
TreeDB+S3	11.0	0.0	11.0
TreeDB+S3	12.0	0.0	12.0
TreeDB+S3	12.0	0.0	12.0
TreeDB+S3	11.0	0.0	11.0
TreeDB+S3	13.0	0.0	13.0
TreeDB+S3	11.0	0.0	11.0
TreeDB+S3	11.0	0.0	11.0
TreeDB+S3	12.0	0.0	12.0
TreeDB+S3	12.0	0.0	12.0
TreeDB+S3	12.0	0.0	12.0
TreeDB+S3	11.0	0.0	11.0
TreeDB+S3	11.0	0.0	11.0
TreeDB+S3	12.0	0.0	12.0
TreeDB+S3	11.0	0.0	11.0
TreeDB+S3	14.0	0.0	14.0
TreeDB+S3	14.0	0.0	14.0
TreeDB+S3	14.0	0.0	14.0
TreeDB+S3	13.0	0.0	13.0
TreeDB+S3	12.0	0.0	12.0
TreeDB+S3	12.0	0.0	12.0
TreeDB+S3	11.0	0.0	11.0
TreeDB+S3	14.0	0.0	14.0
TreeDB+S3	12.0	0.0	12.0
TreeDB+S3	12.0	0.0	12.0
TreeDB+S3	12.0	0.0	12.0
TreeDB+S3	11.0	0.0	11.0
TreeDB+S3	11.0	0.0	11.0
TreeDB+S3	11.0	0.0	11.0
TreeDB+S3	14.0	0.0	14.0
TreeDB+S3	14.0	0.0	14.0
TreeDB+S3	11.0	0.0	11.0
TreeDB+S3	13.0	0.0	13.0
TreeDB+S3	12.0	0.0	12.0
TreeDB+S3	12.0	0.0	12.0
TreeDB+S3	11.0	0.0	11.0
TreeDB+S3	11.0	0.0	11.0
TreeDB+S3	13.0	0.0	13.0
TreeDB+S3	11.0	0.0	11.0
TreeDB+S3	12.0	0.0	12.0
